<?xml version="1.0" encoding="UTF-8"?>
<testng-results ignored="0" total="1" passed="1" failed="0" skipped="0">
  <reporter-output>
  </reporter-output>
  <suite started-at="2025-07-12T17:17:08 IST" name="Suite" finished-at="2025-07-12T17:17:33 IST" duration-ms="24814">
    <groups>
      <group name="cucumber">
        <method signature="AbstractTestNGCucumberTests.runScenario(io.cucumber.testng.PickleWrapper,io.cucumber.testng.FeatureWrapper)[pri:0, instance:Runner.TestRunner1@8297b3a]" name="runScenario" class="io.cucumber.testng.AbstractTestNGCucumberTests"/>
      </group> <!-- cucumber -->
    </groups>
    <test started-at="2025-07-12T17:17:08 IST" name="RunFeatureFile" finished-at="2025-07-12T17:17:33 IST" duration-ms="24814">
      <class name="Runner.TestRunner1">
        <test-method is-config="true" signature="setUpClass(org.testng.ITestContext)[pri:0, instance:Runner.TestRunner1@8297b3a]" started-at="2025-07-12T17:17:08 IST" name="setUpClass" finished-at="2025-07-12T17:17:08 IST" duration-ms="540" status="PASS">
          <params>
            <param index="0">
              <value>
                <![CDATA[org.testng.TestRunner@2f7efd0b]]>
              </value>
            </param>
          </params>
          <reporter-output>
          </reporter-output>
        </test-method> <!-- setUpClass -->
        <test-method signature="runScenario(io.cucumber.testng.PickleWrapper,io.cucumber.testng.FeatureWrapper)[pri:0, instance:Runner.TestRunner1@8297b3a]" started-at="2025-07-12T17:17:08 IST" name="runScenario" description="Runs Cucumber Scenarios" data-provider="scenarios" finished-at="2025-07-12T17:17:32 IST" duration-ms="24136" status="PASS">
          <params>
            <param index="0">
              <value>
                <![CDATA["Enter a data"]]>
              </value>
            </param>
            <param index="1">
              <value>
                <![CDATA["example"]]>
              </value>
            </param>
          </params>
          <reporter-output>
          </reporter-output>
        </test-method> <!-- runScenario -->
        <test-method is-config="true" signature="tearDownClass()[pri:0, instance:Runner.TestRunner1@8297b3a]" started-at="2025-07-12T17:17:32 IST" name="tearDownClass" finished-at="2025-07-12T17:17:33 IST" duration-ms="78" status="PASS">
          <reporter-output>
          </reporter-output>
        </test-method> <!-- tearDownClass -->
      </class> <!-- Runner.TestRunner1 -->
    </test> <!-- RunFeatureFile -->
  </suite> <!-- Suite -->
</testng-results>
